<?xml version="1.0" encoding="UTF-8"?>
<!-- Generated by org.testng.reporters.JUnitReportReporter -->
<testsuite skipped="0" hostname="DESKTOP-HBL61QK" name="testScripts.RegressionTest" tests="1" failures="0" timestamp="05 Apr 2020 17:27:52 GMT" time="18.226" errors="0">
  <testcase name="verifyButtonsIsDisplayed" time="18.226" classname="testScripts.RegressionTest"/>
</testsuite> <!-- testScripts.RegressionTest -->
